  Main.cpp
C:\Users\Катя\source\repos\изображенияЛР1\изображенияЛР1\Main.cpp(217,81): warning C4244: аргумент: преобразование "double" в "float", возможна потеря данных
C:\Users\Катя\source\repos\изображенияЛР1\изображенияЛР1\Main.cpp(218,85): warning C4244: аргумент: преобразование "double" в "float", возможна потеря данных
C:\Users\Катя\source\repos\изображенияЛР1\изображенияЛР1\Main.cpp(252,1): warning C4244: +=: преобразование "_Ty" в "int", возможна потеря данных
          with
          [
              _Ty=double
          ]
C:\Users\Катя\source\repos\изображенияЛР1\изображенияЛР1\Main.cpp(271,25): warning C4244: инициализация: преобразование "double" в "float", возможна потеря данных
C:\Users\Катя\source\repos\изображенияЛР1\изображенияЛР1\Main.cpp(272,26): warning C4244: инициализация: преобразование "double" в "float", возможна потеря данных
C:\Users\Катя\source\repos\изображенияЛР1\изображенияЛР1\Main.cpp(273,26): warning C4244: инициализация: преобразование "double" в "float", возможна потеря данных
C:\Users\Катя\source\repos\изображенияЛР1\изображенияЛР1\Main.cpp(275,40): warning C4244: =: преобразование "float" в "_Ty", возможна потеря данных
          with
          [
              _Ty=uint8_t
          ]
C:\Users\Катя\source\repos\изображенияЛР1\изображенияЛР1\Main.cpp(276,40): warning C4244: =: преобразование "float" в "_Ty", возможна потеря данных
          with
          [
              _Ty=uint8_t
          ]
C:\Users\Катя\source\repos\изображенияЛР1\изображенияЛР1\Main.cpp(277,36): warning C4244: =: преобразование "float" в "_Ty", возможна потеря данных
          with
          [
              _Ty=uint8_t
          ]
C:\Users\Катя\source\repos\изображенияЛР1\изображенияЛР1\Main.cpp(295,25): warning C4244: инициализация: преобразование "double" в "float", возможна потеря данных
C:\Users\Катя\source\repos\изображенияЛР1\изображенияЛР1\Main.cpp(296,25): warning C4244: инициализация: преобразование "double" в "float", возможна потеря данных
C:\Users\Катя\source\repos\изображенияЛР1\изображенияЛР1\Main.cpp(297,25): warning C4244: инициализация: преобразование "double" в "float", возможна потеря данных
C:\Users\Катя\source\repos\изображенияЛР1\изображенияЛР1\Main.cpp(299,40): warning C4244: =: преобразование "float" в "_Ty", возможна потеря данных
          with
          [
              _Ty=uint8_t
          ]
C:\Users\Катя\source\repos\изображенияЛР1\изображенияЛР1\Main.cpp(300,40): warning C4244: =: преобразование "float" в "_Ty", возможна потеря данных
          with
          [
              _Ty=uint8_t
          ]
C:\Users\Катя\source\repos\изображенияЛР1\изображенияЛР1\Main.cpp(301,36): warning C4244: =: преобразование "float" в "_Ty", возможна потеря данных
          with
          [
              _Ty=uint8_t
          ]
C:\Users\Катя\source\repos\изображенияЛР1\изображенияЛР1\Main.cpp(319,25): warning C4244: инициализация: преобразование "double" в "float", возможна потеря данных
C:\Users\Катя\source\repos\изображенияЛР1\изображенияЛР1\Main.cpp(320,26): warning C4244: инициализация: преобразование "double" в "float", возможна потеря данных
C:\Users\Катя\source\repos\изображенияЛР1\изображенияЛР1\Main.cpp(321,26): warning C4244: инициализация: преобразование "double" в "float", возможна потеря данных
C:\Users\Катя\source\repos\изображенияЛР1\изображенияЛР1\Main.cpp(323,40): warning C4244: =: преобразование "float" в "_Ty", возможна потеря данных
          with
          [
              _Ty=uint8_t
          ]
C:\Users\Катя\source\repos\изображенияЛР1\изображенияЛР1\Main.cpp(324,40): warning C4244: =: преобразование "float" в "_Ty", возможна потеря данных
          with
          [
              _Ty=uint8_t
          ]
C:\Users\Катя\source\repos\изображенияЛР1\изображенияЛР1\Main.cpp(325,36): warning C4244: =: преобразование "float" в "_Ty", возможна потеря данных
          with
          [
              _Ty=uint8_t
          ]
C:\Users\Катя\source\repos\изображенияЛР1\изображенияЛР1\Main.cpp(343,25): warning C4244: инициализация: преобразование "double" в "float", возможна потеря данных
C:\Users\Катя\source\repos\изображенияЛР1\изображенияЛР1\Main.cpp(344,26): warning C4244: инициализация: преобразование "double" в "float", возможна потеря данных
C:\Users\Катя\source\repos\изображенияЛР1\изображенияЛР1\Main.cpp(345,26): warning C4244: инициализация: преобразование "double" в "float", возможна потеря данных
C:\Users\Катя\source\repos\изображенияЛР1\изображенияЛР1\Main.cpp(347,40): warning C4244: =: преобразование "float" в "_Ty", возможна потеря данных
          with
          [
              _Ty=uint8_t
          ]
C:\Users\Катя\source\repos\изображенияЛР1\изображенияЛР1\Main.cpp(348,40): warning C4244: =: преобразование "float" в "_Ty", возможна потеря данных
          with
          [
              _Ty=uint8_t
          ]
C:\Users\Катя\source\repos\изображенияЛР1\изображенияЛР1\Main.cpp(349,36): warning C4244: =: преобразование "float" в "_Ty", возможна потеря данных
          with
          [
              _Ty=uint8_t
          ]
C:\Users\Катя\source\repos\изображенияЛР1\изображенияЛР1\Main.cpp(367,25): warning C4244: инициализация: преобразование "double" в "float", возможна потеря данных
C:\Users\Катя\source\repos\изображенияЛР1\изображенияЛР1\Main.cpp(368,26): warning C4244: инициализация: преобразование "double" в "float", возможна потеря данных
C:\Users\Катя\source\repos\изображенияЛР1\изображенияЛР1\Main.cpp(369,26): warning C4244: инициализация: преобразование "double" в "float", возможна потеря данных
C:\Users\Катя\source\repos\изображенияЛР1\изображенияЛР1\Main.cpp(371,40): warning C4244: =: преобразование "float" в "_Ty", возможна потеря данных
          with
          [
              _Ty=uint8_t
          ]
C:\Users\Катя\source\repos\изображенияЛР1\изображенияЛР1\Main.cpp(372,40): warning C4244: =: преобразование "float" в "_Ty", возможна потеря данных
          with
          [
              _Ty=uint8_t
          ]
C:\Users\Катя\source\repos\изображенияЛР1\изображенияЛР1\Main.cpp(373,36): warning C4244: =: преобразование "float" в "_Ty", возможна потеря данных
          with
          [
              _Ty=uint8_t
          ]
  изображенияЛР1.vcxproj -> C:\Users\Катя\source\repos\изображенияЛР1\Debug\изображенияЛР1.exe
